{
  "RSpec": {
    "coverage": {
      "/Users/davidmaurer/rails/turing_projects/resolutionary/spec/models/resolution_spec.rb": [
        1,
        null,
        1,
        6,
        6,
        null,
        null,
        null,
        1,
        1,
        1,
        1,
        null,
        1,
        1,
        null,
        null,
        null,
        1,
        1,
        1,
        1,
        1,
        1,
        null,
        null,
        1,
        1,
        1,
        1,
        1,
        null,
        null,
        1,
        1,
        1,
        null,
        null,
        null
      ],
      "/Users/davidmaurer/rails/turing_projects/resolutionary/spec/rails_helper.rb": [
        null,
        1,
        1,
        null,
        1,
        1,
        1,
        1,
        1,
        1,
        null,
        1,
        1,
        1,
        1,
        1,
        null,
        null,
        null,
        null,
        null,
        null,
        null,
        null,
        null,
        null,
        null,
        null,
        null,
        null,
        null,
        null,
        null,
        null,
        null,
        null,
        null,
        null,
        1,
        null,
        1,
        null,
        1,
        null,
        null,
        null,
        null,
        null,
        1,
        null,
        null,
        null,
        null,
        null,
        null,
        null,
        null,
        null,
        null,
        null,
        null,
        null,
        null,
        1,
        null,
        1,
        1,
        null,
        null,
        1,
        5,
        null,
        null,
        1,
        5,
        null,
        null,
        1,
        5,
        null,
        null,
        null,
        1,
        null,
        null
      ],
      "/Users/davidmaurer/rails/turing_projects/resolutionary/config/environment.rb": [
        null,
        1,
        null,
        null,
        1
      ],
      "/Users/davidmaurer/rails/turing_projects/resolutionary/config/application.rb": [
        1,
        null,
        1,
        null,
        null,
        null,
        1,
        null,
        1,
        1,
        null,
        null,
        null,
        null,
        null,
        null,
        null,
        null,
        null,
        null,
        null,
        null,
        null,
        1,
        null,
        null
      ],
      "/Users/davidmaurer/rails/turing_projects/resolutionary/config/boot.rb": [
        1,
        null,
        1
      ],
      "/Users/davidmaurer/rails/turing_projects/resolutionary/config/environments/test.rb": [
        1,
        null,
        null,
        null,
        null,
        null,
        null,
        1,
        null,
        null,
        null,
        null,
        1,
        null,
        null,
        1,
        1,
        null,
        null,
        1,
        1,
        null,
        null,
        1,
        null,
        null,
        1,
        null,
        null,
        null,
        null,
        1,
        null,
        null,
        1,
        null,
        null,
        1,
        null,
        null,
        null,
        null
      ],
      "/Users/davidmaurer/rails/turing_projects/resolutionary/config/initializers/assets.rb": [
        null,
        null,
        null,
        1,
        null,
        null,
        null,
        null,
        null,
        null,
        null
      ],
      "/Users/davidmaurer/rails/turing_projects/resolutionary/config/initializers/backtrace_silencers.rb": [
        null,
        null,
        null,
        null,
        null,
        null,
        null
      ],
      "/Users/davidmaurer/rails/turing_projects/resolutionary/config/initializers/cookies_serializer.rb": [
        null,
        null,
        1
      ],
      "/Users/davidmaurer/rails/turing_projects/resolutionary/config/initializers/filter_parameter_logging.rb": [
        null,
        null,
        null,
        1
      ],
      "/Users/davidmaurer/rails/turing_projects/resolutionary/config/initializers/inflections.rb": [
        null,
        null,
        null,
        null,
        null,
        null,
        null,
        null,
        null,
        null,
        null,
        null,
        null,
        null,
        null,
        null
      ],
      "/Users/davidmaurer/rails/turing_projects/resolutionary/config/initializers/mime_types.rb": [
        null,
        null,
        null,
        null
      ],
      "/Users/davidmaurer/rails/turing_projects/resolutionary/config/initializers/omniauth.rb": [
        1,
        1,
        null
      ],
      "/Users/davidmaurer/rails/turing_projects/resolutionary/config/initializers/session_store.rb": [
        null,
        null,
        1
      ],
      "/Users/davidmaurer/rails/turing_projects/resolutionary/config/initializers/wrap_parameters.rb": [
        null,
        null,
        null,
        null,
        null,
        null,
        1,
        1,
        null,
        null,
        null,
        null,
        null,
        null
      ],
      "/Users/davidmaurer/rails/turing_projects/resolutionary/config/routes.rb": [
        1,
        1,
        null,
        1,
        null,
        1,
        null,
        1,
        null,
        1,
        null,
        1,
        null,
        1,
        1,
        null,
        1,
        1,
        1,
        1,
        1,
        null,
        null,
        1,
        null
      ],
      "/Users/davidmaurer/rails/turing_projects/resolutionary/app/helpers/application_helper.rb": [
        1,
        null
      ],
      "/Users/davidmaurer/rails/turing_projects/resolutionary/app/helpers/dashboard_helper.rb": [
        1,
        null
      ],
      "/Users/davidmaurer/rails/turing_projects/resolutionary/app/helpers/goals_helper.rb": [
        1,
        null
      ],
      "/Users/davidmaurer/rails/turing_projects/resolutionary/app/helpers/resolutions_helper.rb": [
        1,
        null
      ],
      "/Users/davidmaurer/rails/turing_projects/resolutionary/app/helpers/sessions_helper.rb": [
        1,
        null
      ],
      "/Users/davidmaurer/rails/turing_projects/resolutionary/app/helpers/users_helper.rb": [
        1,
        null
      ],
      "/Users/davidmaurer/rails/turing_projects/resolutionary/app/helpers/welcome_helper.rb": [
        1,
        null
      ],
      "/Users/davidmaurer/rails/turing_projects/resolutionary/app/models/resolution.rb": [
        1,
        1,
        null,
        1,
        1,
        1,
        null,
        1,
        1,
        0,
        null,
        null,
        1,
        0,
        null,
        null,
        1,
        5,
        null,
        null,
        1,
        5,
        null,
        null,
        1,
        null,
        null,
        5,
        null,
        null,
        null,
        1,
        0,
        null,
        null,
        1,
        0,
        null,
        null
      ],
      "/Users/davidmaurer/rails/turing_projects/resolutionary/app/models/user.rb": [
        1,
        1,
        null,
        1,
        0,
        0,
        null,
        null,
        null,
        null,
        null,
        0,
        null,
        null,
        1,
        0,
        null,
        null,
        1,
        0,
        null,
        null,
        1,
        0,
        null,
        null,
        1,
        0,
        null,
        null
      ],
      "/Users/davidmaurer/rails/turing_projects/resolutionary/app/models/goal.rb": [
        1,
        1,
        null,
        1,
        null,
        1,
        0,
        null,
        null,
        1,
        0,
        null,
        null
      ]
    },
    "timestamp": 1478297148
  }
}
