{
  "RSpec": {
    "coverage": {
      "/Users/davidmaurer/rails/turing_projects/resolutionary/spec/controllers/resolutions_controller_spec.rb": [
        1,
        null,
        1,
        1,
        1,
        null,
        1,
        null,
        null,
        1,
        1,
        1,
        null,
        null,
        null,
        1,
        1,
        null,
        null,
        1,
        1,
        1,
        null,
        null,
        null,
        1,
        1,
        null,
        1,
        1,
        null,
        null,
        1,
        1,
        1,
        null,
        null,
        1,
        null,
        1,
        null,
        1,
        null,
        1,
        null,
        null
      ],
      "/Users/davidmaurer/rails/turing_projects/resolutionary/spec/rails_helper.rb": [
        null,
        1,
        1,
        null,
        1,
        1,
        1,
        1,
        1,
        1,
        null,
        1,
        1,
        1,
        1,
        1,
        null,
        null,
        null,
        null,
        null,
        null,
        null,
        null,
        null,
        null,
        null,
        null,
        null,
        null,
        null,
        null,
        null,
        null,
        null,
        null,
        null,
        null,
        1,
        null,
        1,
        null,
        1,
        null,
        null,
        null,
        null,
        null,
        1,
        null,
        null,
        null,
        null,
        null,
        null,
        null,
        null,
        null,
        null,
        null,
        null,
        null,
        null,
        1,
        null,
        1,
        1,
        null,
        null,
        1,
        19,
        null,
        null,
        1,
        19,
        null,
        null,
        1,
        19,
        null,
        null,
        null,
        1,
        null,
        null
      ],
      "/Users/davidmaurer/rails/turing_projects/resolutionary/config/environment.rb": [
        null,
        1,
        null,
        null,
        1
      ],
      "/Users/davidmaurer/rails/turing_projects/resolutionary/config/application.rb": [
        1,
        null,
        1,
        null,
        null,
        null,
        1,
        null,
        1,
        1,
        null,
        null,
        null,
        null,
        null,
        null,
        null,
        null,
        null,
        null,
        null,
        null,
        null,
        1,
        null,
        null
      ],
      "/Users/davidmaurer/rails/turing_projects/resolutionary/config/boot.rb": [
        1,
        null,
        1
      ],
      "/Users/davidmaurer/rails/turing_projects/resolutionary/config/environments/test.rb": [
        1,
        null,
        null,
        null,
        null,
        null,
        null,
        1,
        null,
        null,
        null,
        null,
        1,
        null,
        null,
        1,
        1,
        null,
        null,
        1,
        1,
        null,
        null,
        1,
        null,
        null,
        1,
        null,
        null,
        null,
        null,
        1,
        null,
        null,
        1,
        null,
        null,
        1,
        null,
        null,
        null,
        null
      ],
      "/Users/davidmaurer/rails/turing_projects/resolutionary/config/initializers/assets.rb": [
        null,
        null,
        null,
        1,
        null,
        null,
        null,
        null,
        null,
        null,
        null
      ],
      "/Users/davidmaurer/rails/turing_projects/resolutionary/config/initializers/backtrace_silencers.rb": [
        null,
        null,
        null,
        null,
        null,
        null,
        null
      ],
      "/Users/davidmaurer/rails/turing_projects/resolutionary/config/initializers/cookies_serializer.rb": [
        null,
        null,
        1
      ],
      "/Users/davidmaurer/rails/turing_projects/resolutionary/config/initializers/filter_parameter_logging.rb": [
        null,
        null,
        null,
        1
      ],
      "/Users/davidmaurer/rails/turing_projects/resolutionary/config/initializers/inflections.rb": [
        null,
        null,
        null,
        null,
        null,
        null,
        null,
        null,
        null,
        null,
        null,
        null,
        null,
        null,
        null,
        null
      ],
      "/Users/davidmaurer/rails/turing_projects/resolutionary/config/initializers/mime_types.rb": [
        null,
        null,
        null,
        null
      ],
      "/Users/davidmaurer/rails/turing_projects/resolutionary/config/initializers/omniauth.rb": [
        1,
        1,
        null
      ],
      "/Users/davidmaurer/rails/turing_projects/resolutionary/config/initializers/session_store.rb": [
        null,
        null,
        1
      ],
      "/Users/davidmaurer/rails/turing_projects/resolutionary/config/initializers/wrap_parameters.rb": [
        null,
        null,
        null,
        null,
        null,
        null,
        1,
        1,
        null,
        null,
        null,
        null,
        null,
        null
      ],
      "/Users/davidmaurer/rails/turing_projects/resolutionary/config/routes.rb": [
        1,
        1,
        null,
        1,
        null,
        1,
        null,
        1,
        null,
        1,
        null,
        1,
        null,
        1,
        1,
        null,
        1,
        1,
        1,
        1,
        1,
        null,
        null,
        1,
        null
      ],
      "/Users/davidmaurer/rails/turing_projects/resolutionary/app/helpers/application_helper.rb": [
        1,
        null
      ],
      "/Users/davidmaurer/rails/turing_projects/resolutionary/app/helpers/dashboard_helper.rb": [
        1,
        null
      ],
      "/Users/davidmaurer/rails/turing_projects/resolutionary/app/helpers/goals_helper.rb": [
        1,
        null
      ],
      "/Users/davidmaurer/rails/turing_projects/resolutionary/app/helpers/resolutions_helper.rb": [
        1,
        null
      ],
      "/Users/davidmaurer/rails/turing_projects/resolutionary/app/helpers/sessions_helper.rb": [
        1,
        null
      ],
      "/Users/davidmaurer/rails/turing_projects/resolutionary/app/helpers/users_helper.rb": [
        1,
        null
      ],
      "/Users/davidmaurer/rails/turing_projects/resolutionary/app/helpers/welcome_helper.rb": [
        1,
        null
      ],
      "/Users/davidmaurer/rails/turing_projects/resolutionary/app/controllers/resolutions_controller.rb": [
        1,
        1,
        null,
        null,
        1,
        null,
        null,
        1,
        8,
        null,
        null,
        1,
        7,
        7,
        6,
        6,
        null,
        1,
        1,
        null,
        null,
        null,
        1,
        2,
        null,
        null,
        1,
        2,
        2,
        1,
        1,
        null,
        1,
        1,
        null,
        null,
        null,
        1,
        1,
        1,
        0,
        null,
        1,
        0,
        null,
        1,
        1,
        null,
        null,
        1,
        2,
        2,
        2,
        2,
        null,
        null,
        1,
        1,
        1,
        1,
        1,
        null,
        null,
        1,
        null,
        1,
        9,
        null,
        null
      ],
      "/Users/davidmaurer/rails/turing_projects/resolutionary/app/controllers/application_controller.rb": [
        1,
        1,
        null,
        1,
        null,
        1,
        180,
        null,
        null
      ],
      "/Users/davidmaurer/rails/turing_projects/resolutionary/spec/features/tweet_resolution_spec.rb": [
        1,
        null,
        1,
        1,
        1,
        1,
        1,
        null,
        null,
        null,
        null,
        1,
        1,
        null,
        1,
        1,
        null,
        null,
        null,
        null
      ],
      "/Users/davidmaurer/rails/turing_projects/resolutionary/spec/features/user_creates_resolution_spec.rb": [
        1,
        null,
        1,
        1,
        1,
        1,
        null,
        1,
        null,
        1,
        null,
        1,
        null,
        1,
        1,
        1,
        null,
        1,
        1,
        null,
        null,
        1,
        1,
        1,
        null,
        1,
        null,
        1,
        null,
        1,
        null,
        1,
        1,
        1,
        null,
        1,
        1,
        null,
        null
      ],
      "/Users/davidmaurer/rails/turing_projects/resolutionary/spec/features/user_deletes_resolution_spec.rb": [
        1,
        null,
        1,
        1,
        1,
        1,
        1,
        null,
        null,
        null,
        1,
        null,
        1,
        null,
        1,
        null,
        1,
        null,
        1,
        null,
        null
      ],
      "/Users/davidmaurer/rails/turing_projects/resolutionary/spec/features/user_edits_resolution_spec.rb": [
        1,
        null,
        1,
        1,
        1,
        1,
        1,
        null,
        null,
        null,
        null,
        1,
        null,
        1,
        null,
        1,
        null,
        1,
        null,
        1,
        1,
        1,
        null,
        1,
        1,
        null,
        null,
        1,
        1,
        1,
        1,
        null,
        null,
        null,
        null,
        1,
        null,
        1,
        null,
        1,
        null,
        1,
        null,
        1,
        1,
        1,
        null,
        1,
        null,
        null
      ],
      "/Users/davidmaurer/rails/turing_projects/resolutionary/spec/features/user_finishes_resolution_spec.rb": [
        1,
        null,
        1,
        1,
        1,
        1,
        1,
        null,
        null,
        null,
        null,
        1,
        null,
        1,
        null,
        1,
        null,
        1,
        null,
        1,
        null,
        1,
        null,
        1,
        null,
        null
      ],
      "/Users/davidmaurer/rails/turing_projects/resolutionary/spec/features/user_goals_spec.rb": [
        1,
        null,
        1,
        1,
        1,
        1,
        null,
        1,
        null,
        1,
        1,
        1,
        1,
        null,
        1,
        1,
        1,
        null,
        1,
        1,
        null,
        null,
        1,
        1,
        1,
        null,
        1,
        null,
        1,
        1,
        1,
        1,
        null,
        1,
        1,
        1,
        null,
        1,
        1,
        null,
        null,
        1,
        1,
        1,
        null,
        1,
        null,
        1,
        1,
        1,
        1,
        null,
        1,
        1,
        1,
        null,
        1,
        1,
        null,
        1,
        1,
        null,
        1,
        1,
        null,
        null,
        1,
        1,
        1,
        null,
        1,
        null,
        1,
        1,
        1,
        1,
        null,
        1,
        1,
        1,
        null,
        1,
        1,
        null,
        1,
        1,
        null,
        1,
        1,
        null,
        null,
        1,
        1,
        1,
        null,
        1,
        null,
        1,
        1,
        1,
        1,
        null,
        1,
        1,
        1,
        null,
        1,
        null,
        1,
        1,
        null,
        null,
        1,
        1,
        null,
        null
      ],
      "/Users/davidmaurer/rails/turing_projects/resolutionary/spec/features/user_logs_in_and_out_with_twitter_spec.rb": [
        1,
        null,
        1,
        1,
        1,
        1,
        1,
        1,
        1,
        null,
        null,
        1,
        1,
        1,
        1,
        1,
        null,
        1,
        1,
        null,
        null
      ],
      "/Users/davidmaurer/rails/turing_projects/resolutionary/spec/features/user_repeats_resolution_spec.rb": [
        1,
        null,
        1,
        1,
        1,
        1,
        1,
        null,
        null,
        null,
        null,
        1,
        null,
        1,
        null,
        1,
        null,
        1,
        null,
        1,
        null,
        1,
        null,
        1,
        1,
        1,
        null,
        null
      ],
      "/Users/davidmaurer/rails/turing_projects/resolutionary/app/models/resolution.rb": [
        1,
        1,
        null,
        1,
        1,
        1,
        null,
        1,
        2,
        null,
        null,
        1,
        47,
        null,
        null,
        1,
        23,
        null,
        null,
        1,
        23,
        null,
        null
      ],
      "/Users/davidmaurer/rails/turing_projects/resolutionary/app/models/user.rb": [
        1,
        1,
        null,
        1,
        15,
        15,
        null,
        null,
        null,
        null,
        null,
        15,
        null,
        null,
        1,
        48,
        null,
        null,
        1,
        47,
        null,
        null,
        1,
        47,
        null,
        null,
        1,
        2,
        null,
        null
      ],
      "/Users/davidmaurer/rails/turing_projects/resolutionary/app/controllers/welcome_controller.rb": [
        1,
        1,
        null,
        null
      ],
      "/Users/davidmaurer/rails/turing_projects/resolutionary/app/controllers/sessions_controller.rb": [
        1,
        1,
        15,
        15,
        15,
        15,
        null,
        0,
        null,
        null,
        null,
        1,
        1,
        1,
        null,
        null,
        1,
        null,
        1,
        15,
        null,
        null
      ],
      "/Users/davidmaurer/rails/turing_projects/resolutionary/app/controllers/dashboard_controller.rb": [
        1,
        1,
        47,
        null,
        null
      ],
      "/Users/davidmaurer/rails/turing_projects/resolutionary/app/services/twitter_service.rb": [
        1,
        null,
        1,
        null,
        1,
        1,
        1,
        1,
        48,
        null,
        null,
        null
      ],
      "/Users/davidmaurer/rails/turing_projects/resolutionary/app/models/goal.rb": [
        1,
        1,
        null,
        1,
        null,
        1,
        23,
        null,
        null,
        1,
        23,
        null,
        null
      ],
      "/Users/davidmaurer/rails/turing_projects/resolutionary/app/controllers/tweets_controller.rb": [
        1,
        1,
        1,
        1,
        1,
        null,
        null,
        1,
        null,
        1,
        1,
        null,
        null,
        1,
        1,
        null,
        null
      ],
      "/Users/davidmaurer/rails/turing_projects/resolutionary/app/models/reminder.rb": [
        1,
        1,
        null,
        1,
        null,
        1,
        null,
        1,
        0,
        null,
        null,
        1,
        null,
        1,
        0,
        null,
        null,
        1,
        0,
        null,
        null
      ],
      "/Users/davidmaurer/rails/turing_projects/resolutionary/app/controllers/users_controller.rb": [
        1,
        1,
        null,
        null
      ],
      "/Users/davidmaurer/rails/turing_projects/resolutionary/app/controllers/goals_controller.rb": [
        1,
        1,
        5,
        5,
        null,
        null,
        1,
        5,
        5,
        4,
        4,
        null,
        1,
        1,
        null,
        null,
        null,
        1,
        2,
        2,
        null,
        null,
        1,
        2,
        2,
        1,
        1,
        null,
        1,
        1,
        null,
        null,
        null,
        1,
        1,
        1,
        1,
        null,
        null,
        1,
        0,
        0,
        0,
        0,
        null,
        null,
        1,
        null,
        1,
        10,
        null,
        null,
        1,
        7,
        null,
        null
      ]
    },
    "timestamp": 1443715979
  }
}
